2022-10-14 10:10:49,655 [Worker-9: Loading available Gradle versions] INFO  o.e.b.c.i.u.g.PublishedGradleVersions - Gradle version information cache is up-to-date. Trying to read.
2022-10-14 13:43:24,914 [Worker-1: Loading available Gradle versions] INFO  o.e.b.c.i.u.g.PublishedGradleVersions - Gradle version information cache is up-to-date. Trying to read.
2022-10-14 13:44:04,639 [Worker-10: Importing Maven projects] INFO  o.e.m.c.i.l.LifecycleMappingFactory - Using org.eclipse.m2e.jdt.JarLifecycleMapping lifecycle mapping for MavenProject: nl.workingtalent:book:0.0.1-SNAPSHOT @ C:\Users\edeke\OneDrive\Documents\Beruflich\Jobs\Working_Talent\Specialisatie_SD\WT_bieb\WT_bieb\pom.xml.
2022-10-14 13:44:12,360 [Worker-10: Importing Maven projects] INFO  o.e.m.j.i.AbstractJavaProjectConfigurator - Adding source folder /book/src/main/java
2022-10-14 13:44:12,364 [Worker-10: Importing Maven projects] INFO  o.e.m.j.i.AbstractJavaProjectConfigurator - Adding resource folder /book/src/main/resources
2022-10-14 13:44:12,376 [Worker-10: Importing Maven projects] INFO  o.e.m.j.i.AbstractJavaProjectConfigurator - Adding resource folder /book/src/main/resources
2022-10-14 13:44:12,390 [Worker-10: Importing Maven projects] INFO  o.e.m.j.i.AbstractJavaProjectConfigurator - Adding source folder /book/src/test/java
2022-10-14 13:44:20,174 [Worker-10: Importing Maven projects] INFO  o.e.m.c.i.p.ProjectConfigurationManager - Imported and configured 1 project(s) in 21 sec
2022-10-14 13:44:23,232 [Worker-8: Building] INFO  o.e.m.c.i.embedder.EclipseLogger - Using 'UTF-8' encoding to copy filtered resources.
2022-10-14 13:44:23,232 [Worker-8: Building] INFO  o.e.m.c.i.embedder.EclipseLogger - Using 'UTF-8' encoding to copy filtered properties files.
2022-10-14 13:44:23,241 [Worker-8: Building] INFO  o.e.m.c.i.embedder.EclipseLogger - Copying 1 resource
2022-10-14 13:44:23,281 [Worker-8: Building] INFO  o.e.m.c.i.embedder.EclipseLogger - Copying 0 resource
2022-10-14 13:44:23,287 [Worker-8: Building] INFO  o.e.m.c.i.embedder.EclipseLogger - Using 'UTF-8' encoding to copy filtered resources.
2022-10-14 13:44:23,287 [Worker-8: Building] INFO  o.e.m.c.i.embedder.EclipseLogger - Using 'UTF-8' encoding to copy filtered properties files.
2022-10-14 13:44:23,288 [Worker-8: Building] INFO  o.e.m.c.i.embedder.EclipseLogger - skip non existing resourceDirectory C:\Users\edeke\OneDrive\Documents\Beruflich\Jobs\Working_Talent\Specialisatie_SD\WT_bieb\WT_bieb\src\test\resources
2022-10-14 14:22:58,746 [Worker-3: Launching BookApplication] INFO  o.e.m.c.i.embedder.EclipseLogger - Using 'UTF-8' encoding to copy filtered resources.
2022-10-14 14:22:58,747 [Worker-3: Launching BookApplication] INFO  o.e.m.c.i.embedder.EclipseLogger - Using 'UTF-8' encoding to copy filtered properties files.
2022-10-14 14:22:58,779 [Worker-3: Launching BookApplication] INFO  o.e.m.c.i.embedder.EclipseLogger - Copying 1 resource
2022-10-14 14:22:59,086 [Worker-3: Launching BookApplication] INFO  o.e.m.c.i.embedder.EclipseLogger - Copying 0 resource
2022-10-14 14:22:59,107 [Worker-3: Launching BookApplication] INFO  o.e.m.c.i.embedder.EclipseLogger - Using 'UTF-8' encoding to copy filtered resources.
2022-10-14 14:22:59,107 [Worker-3: Launching BookApplication] INFO  o.e.m.c.i.embedder.EclipseLogger - Using 'UTF-8' encoding to copy filtered properties files.
2022-10-14 14:22:59,108 [Worker-3: Launching BookApplication] INFO  o.e.m.c.i.embedder.EclipseLogger - skip non existing resourceDirectory C:\Users\edeke\OneDrive\Documents\Beruflich\Jobs\Working_Talent\Specialisatie_SD\WT_bieb\WT_bieb\src\test\resources
2022-10-14 14:23:55,808 [Worker-12: Launching BookApplication] INFO  o.e.m.c.i.embedder.EclipseLogger - Using 'UTF-8' encoding to copy filtered resources.
2022-10-14 14:23:55,808 [Worker-12: Launching BookApplication] INFO  o.e.m.c.i.embedder.EclipseLogger - Using 'UTF-8' encoding to copy filtered properties files.
2022-10-14 14:23:55,811 [Worker-12: Launching BookApplication] INFO  o.e.m.c.i.embedder.EclipseLogger - Copying 1 resource
2022-10-14 14:23:55,874 [Worker-12: Launching BookApplication] INFO  o.e.m.c.i.embedder.EclipseLogger - Copying 0 resource
2022-10-14 14:23:55,889 [Worker-12: Launching BookApplication] INFO  o.e.m.c.i.embedder.EclipseLogger - Using 'UTF-8' encoding to copy filtered resources.
2022-10-14 14:23:55,904 [Worker-12: Launching BookApplication] INFO  o.e.m.c.i.embedder.EclipseLogger - Using 'UTF-8' encoding to copy filtered properties files.
2022-10-14 14:23:55,906 [Worker-12: Launching BookApplication] INFO  o.e.m.c.i.embedder.EclipseLogger - skip non existing resourceDirectory C:\Users\edeke\OneDrive\Documents\Beruflich\Jobs\Working_Talent\Specialisatie_SD\WT_bieb\WT_bieb\src\test\resources
2022-10-14 14:26:32,627 [Worker-17: Launching BookApplication] INFO  o.e.m.c.i.l.LifecycleMappingFactory - Using org.eclipse.m2e.jdt.JarLifecycleMapping lifecycle mapping for MavenProject: nl.workingtalent:book:0.0.1-SNAPSHOT @ C:\Users\edeke\OneDrive\Documents\Beruflich\Jobs\Working_Talent\Specialisatie_SD\WT_bieb\WT_bieb\pom.xml.
2022-10-14 14:26:35,369 [Worker-17: Launching BookApplication] INFO  o.e.m.c.i.embedder.EclipseLogger - Using 'UTF-8' encoding to copy filtered resources.
2022-10-14 14:26:35,369 [Worker-17: Launching BookApplication] INFO  o.e.m.c.i.embedder.EclipseLogger - Using 'UTF-8' encoding to copy filtered properties files.
2022-10-14 14:26:35,408 [Worker-17: Launching BookApplication] INFO  o.e.m.c.i.embedder.EclipseLogger - Copying 0 resource
2022-10-14 14:26:35,409 [Worker-17: Launching BookApplication] INFO  o.e.m.c.i.embedder.EclipseLogger - Copying 0 resource
2022-10-14 14:26:35,423 [Worker-17: Launching BookApplication] INFO  o.e.m.c.i.embedder.EclipseLogger - Using 'UTF-8' encoding to copy filtered resources.
2022-10-14 14:26:35,430 [Worker-17: Launching BookApplication] INFO  o.e.m.c.i.embedder.EclipseLogger - Using 'UTF-8' encoding to copy filtered properties files.
2022-10-14 14:26:35,433 [Worker-17: Launching BookApplication] INFO  o.e.m.c.i.embedder.EclipseLogger - skip non existing resourceDirectory C:\Users\edeke\OneDrive\Documents\Beruflich\Jobs\Working_Talent\Specialisatie_SD\WT_bieb\WT_bieb\src\test\resources
2022-10-14 14:26:40,585 [Worker-19: Building] INFO  o.e.m.c.i.embedder.EclipseLogger - Using 'UTF-8' encoding to copy filtered resources.
2022-10-14 14:26:40,585 [Worker-19: Building] INFO  o.e.m.c.i.embedder.EclipseLogger - Using 'UTF-8' encoding to copy filtered properties files.
2022-10-14 14:26:40,588 [Worker-19: Building] INFO  o.e.m.c.i.embedder.EclipseLogger - Copying 1 resource
2022-10-14 14:26:40,689 [Worker-19: Building] INFO  o.e.m.c.i.embedder.EclipseLogger - Copying 0 resource
2022-10-14 14:26:40,701 [Worker-19: Building] INFO  o.e.m.c.i.embedder.EclipseLogger - Using 'UTF-8' encoding to copy filtered resources.
2022-10-14 14:26:40,702 [Worker-19: Building] INFO  o.e.m.c.i.embedder.EclipseLogger - Using 'UTF-8' encoding to copy filtered properties files.
2022-10-14 14:26:40,704 [Worker-19: Building] INFO  o.e.m.c.i.embedder.EclipseLogger - skip non existing resourceDirectory C:\Users\edeke\OneDrive\Documents\Beruflich\Jobs\Working_Talent\Specialisatie_SD\WT_bieb\WT_bieb\src\test\resources
2022-10-14 15:18:21,889 [Worker-29: Building] INFO  o.e.m.c.i.embedder.EclipseLogger - Using 'UTF-8' encoding to copy filtered resources.
2022-10-14 15:18:21,891 [Worker-29: Building] INFO  o.e.m.c.i.embedder.EclipseLogger - Using 'UTF-8' encoding to copy filtered properties files.
2022-10-14 15:18:21,897 [Worker-29: Building] INFO  o.e.m.c.i.embedder.EclipseLogger - Copying 1 resource
2022-10-14 15:18:22,400 [Worker-29: Building] INFO  o.e.m.c.i.embedder.EclipseLogger - Copying 0 resource
2022-10-14 15:18:22,509 [Worker-29: Building] INFO  o.e.m.c.i.embedder.EclipseLogger - Using 'UTF-8' encoding to copy filtered resources.
2022-10-14 15:18:22,510 [Worker-29: Building] INFO  o.e.m.c.i.embedder.EclipseLogger - Using 'UTF-8' encoding to copy filtered properties files.
2022-10-14 15:18:22,510 [Worker-29: Building] INFO  o.e.m.c.i.embedder.EclipseLogger - skip non existing resourceDirectory C:\Users\edeke\OneDrive\Documents\Beruflich\Jobs\Working_Talent\Specialisatie_SD\WT_bieb\WT_bieb\src\test\resources
2022-10-14 15:18:35,038 [Worker-27: Building] INFO  o.e.m.c.i.l.LifecycleMappingFactory - Using org.eclipse.m2e.jdt.JarLifecycleMapping lifecycle mapping for MavenProject: nl.workingtalent:book:0.0.1-SNAPSHOT @ C:\Users\edeke\OneDrive\Documents\Beruflich\Jobs\Working_Talent\Specialisatie_SD\WT_bieb\WT_bieb\pom.xml.
2022-10-14 15:18:41,053 [Worker-27: Building] INFO  o.e.m.c.i.embedder.EclipseLogger - Using 'UTF-8' encoding to copy filtered resources.
2022-10-14 15:18:41,054 [Worker-27: Building] INFO  o.e.m.c.i.embedder.EclipseLogger - Using 'UTF-8' encoding to copy filtered properties files.
2022-10-14 15:18:41,068 [Worker-27: Building] INFO  o.e.m.c.i.embedder.EclipseLogger - Copying 1 resource
2022-10-14 15:18:41,176 [Worker-27: Building] INFO  o.e.m.c.i.embedder.EclipseLogger - Copying 0 resource
2022-10-14 15:18:41,186 [Worker-27: Building] INFO  o.e.m.c.i.embedder.EclipseLogger - Using 'UTF-8' encoding to copy filtered resources.
2022-10-14 15:18:41,189 [Worker-27: Building] INFO  o.e.m.c.i.embedder.EclipseLogger - Using 'UTF-8' encoding to copy filtered properties files.
2022-10-14 15:18:41,190 [Worker-27: Building] INFO  o.e.m.c.i.embedder.EclipseLogger - skip non existing resourceDirectory C:\Users\edeke\OneDrive\Documents\Beruflich\Jobs\Working_Talent\Specialisatie_SD\WT_bieb\WT_bieb\src\test\resources
2022-10-14 15:18:46,095 [Worker-29: Building] INFO  o.e.m.c.i.embedder.EclipseLogger - Using 'UTF-8' encoding to copy filtered resources.
2022-10-14 15:18:46,096 [Worker-29: Building] INFO  o.e.m.c.i.embedder.EclipseLogger - Using 'UTF-8' encoding to copy filtered properties files.
2022-10-14 15:18:46,099 [Worker-29: Building] INFO  o.e.m.c.i.embedder.EclipseLogger - Copying 1 resource
2022-10-14 15:18:46,199 [Worker-29: Building] INFO  o.e.m.c.i.embedder.EclipseLogger - Copying 0 resource
2022-10-14 15:18:46,239 [Worker-29: Building] INFO  o.e.m.c.i.embedder.EclipseLogger - Using 'UTF-8' encoding to copy filtered resources.
2022-10-14 15:18:46,240 [Worker-29: Building] INFO  o.e.m.c.i.embedder.EclipseLogger - Using 'UTF-8' encoding to copy filtered properties files.
2022-10-14 15:18:46,247 [Worker-29: Building] INFO  o.e.m.c.i.embedder.EclipseLogger - skip non existing resourceDirectory C:\Users\edeke\OneDrive\Documents\Beruflich\Jobs\Working_Talent\Specialisatie_SD\WT_bieb\WT_bieb\src\test\resources
2022-10-14 15:19:47,106 [Worker-37: Building] INFO  o.e.m.c.i.l.LifecycleMappingFactory - Using org.eclipse.m2e.jdt.JarLifecycleMapping lifecycle mapping for MavenProject: nl.workingtalent:book:0.0.1-SNAPSHOT @ C:\Users\edeke\OneDrive\Documents\Beruflich\Jobs\Working_Talent\Specialisatie_SD\WT_bieb\WT_bieb\pom.xml.
2022-10-14 15:19:52,342 [Worker-37: Building] INFO  o.e.m.c.i.embedder.EclipseLogger - Using 'UTF-8' encoding to copy filtered resources.
2022-10-14 15:19:52,342 [Worker-37: Building] INFO  o.e.m.c.i.embedder.EclipseLogger - Using 'UTF-8' encoding to copy filtered properties files.
2022-10-14 15:19:52,365 [Worker-37: Building] INFO  o.e.m.c.i.embedder.EclipseLogger - Copying 0 resource
2022-10-14 15:19:52,367 [Worker-37: Building] INFO  o.e.m.c.i.embedder.EclipseLogger - Copying 0 resource
2022-10-14 15:19:52,377 [Worker-37: Building] INFO  o.e.m.c.i.embedder.EclipseLogger - Using 'UTF-8' encoding to copy filtered resources.
2022-10-14 15:19:52,378 [Worker-37: Building] INFO  o.e.m.c.i.embedder.EclipseLogger - Using 'UTF-8' encoding to copy filtered properties files.
2022-10-14 15:19:52,383 [Worker-37: Building] INFO  o.e.m.c.i.embedder.EclipseLogger - skip non existing resourceDirectory C:\Users\edeke\OneDrive\Documents\Beruflich\Jobs\Working_Talent\Specialisatie_SD\WT_bieb\WT_bieb\src\test\resources
2022-10-14 16:59:53,819 [Worker-35: Building] INFO  o.e.m.c.i.l.LifecycleMappingFactory - Using org.eclipse.m2e.jdt.JarLifecycleMapping lifecycle mapping for MavenProject: nl.workingtalent:book:0.0.1-SNAPSHOT @ C:\Users\edeke\OneDrive\Documents\Beruflich\Jobs\Working_Talent\Specialisatie_SD\WT_bieb\WT_bieb\pom.xml.
2022-10-14 16:59:56,869 [Worker-35: Building] INFO  o.e.m.c.i.embedder.EclipseLogger - Using 'UTF-8' encoding to copy filtered resources.
2022-10-14 16:59:56,869 [Worker-35: Building] INFO  o.e.m.c.i.embedder.EclipseLogger - Using 'UTF-8' encoding to copy filtered properties files.
2022-10-14 16:59:56,877 [Worker-35: Building] INFO  o.e.m.c.i.embedder.EclipseLogger - Copying 1 resource
2022-10-14 16:59:56,995 [Worker-35: Building] INFO  o.e.m.c.i.embedder.EclipseLogger - Copying 0 resource
2022-10-14 16:59:57,000 [Worker-35: Building] INFO  o.e.m.c.i.embedder.EclipseLogger - Using 'UTF-8' encoding to copy filtered resources.
2022-10-14 16:59:57,000 [Worker-35: Building] INFO  o.e.m.c.i.embedder.EclipseLogger - Using 'UTF-8' encoding to copy filtered properties files.
2022-10-14 16:59:57,000 [Worker-35: Building] INFO  o.e.m.c.i.embedder.EclipseLogger - skip non existing resourceDirectory C:\Users\edeke\OneDrive\Documents\Beruflich\Jobs\Working_Talent\Specialisatie_SD\WT_bieb\WT_bieb\src\test\resources
2022-10-17 11:32:51,718 [Worker-1: Loading available Gradle versions] INFO  o.e.b.c.i.u.g.PublishedGradleVersions - Gradle version information cache is out-of-date. Trying to update.
2022-10-17 12:45:12,250 [Worker-16: Launching BookApplication] INFO  o.e.m.c.i.embedder.EclipseLogger - Using 'UTF-8' encoding to copy filtered resources.
2022-10-17 12:45:12,252 [Worker-16: Launching BookApplication] INFO  o.e.m.c.i.embedder.EclipseLogger - Using 'UTF-8' encoding to copy filtered properties files.
2022-10-17 12:45:12,262 [Worker-16: Launching BookApplication] INFO  o.e.m.c.i.embedder.EclipseLogger - Copying 1 resource
2022-10-17 12:45:12,312 [Worker-16: Launching BookApplication] INFO  o.e.m.c.i.embedder.EclipseLogger - Copying 0 resource
2022-10-17 12:45:12,318 [Worker-16: Launching BookApplication] INFO  o.e.m.c.i.embedder.EclipseLogger - Using 'UTF-8' encoding to copy filtered resources.
2022-10-17 12:45:12,318 [Worker-16: Launching BookApplication] INFO  o.e.m.c.i.embedder.EclipseLogger - Using 'UTF-8' encoding to copy filtered properties files.
2022-10-17 12:45:12,318 [Worker-16: Launching BookApplication] INFO  o.e.m.c.i.embedder.EclipseLogger - skip non existing resourceDirectory C:\Users\edeke\OneDrive\Documents\Beruflich\Jobs\Working_Talent\Specialisatie_SD\WT_bieb\WT_bieb\src\test\resources
2022-10-18 13:46:28,549 [Worker-3: Loading available Gradle versions] INFO  o.e.b.c.i.u.g.PublishedGradleVersions - Gradle version information cache is out-of-date. Trying to update.
